<?xml version="1.0" encoding="UTF-8"?>
<testng-results ignored="0" total="1" passed="1" failed="0" skipped="0">
  <reporter-output>
  </reporter-output>
  <suite started-at="2023-07-22T19:33:16 IST" name="Default suite" finished-at="2023-07-22T19:33:22 IST" duration-ms="5894">
    <groups>
    </groups>
    <test started-at="2023-07-22T19:33:16 IST" name="Default test" finished-at="2023-07-22T19:33:22 IST" duration-ms="5894">
      <class name="in.simplilearn.testsripts.YoutubeVideo">
        <test-method is-config="true" signature="LaunchApplication()[pri:0, instance:in.simplilearn.testsripts.YoutubeVideo@54422e18]" started-at="2023-07-22T19:33:16 IST" name="LaunchApplication" finished-at="2023-07-22T19:33:22 IST" duration-ms="5636" status="PASS">
          <reporter-output>
          </reporter-output>
        </test-method> <!-- LaunchApplication -->
        <test-method signature="youtubeLogin()[pri:0, instance:in.simplilearn.testsripts.YoutubeVideo@54422e18]" started-at="2023-07-22T19:33:22 IST" name="youtubeLogin" finished-at="2023-07-22T19:33:22 IST" duration-ms="220" status="PASS">
          <reporter-output>
          </reporter-output>
        </test-method> <!-- youtubeLogin -->
      </class> <!-- in.simplilearn.testsripts.YoutubeVideo -->
    </test> <!-- Default test -->
  </suite> <!-- Default suite -->
</testng-results>
