<?xml version="1.0" encoding="UTF-8"?>
<testsuite name="Test"
           tests="4"
           failures="0"
           errors="0"
           skipped="0"
           time="0.015">
  <properties />
  
  
            <testcase name="Car1" time="0.000" classname="demo.GroupingDemo" />
                <testcase name="Car2" time="0.000" classname="demo.GroupingDemo" />
                <testcase name="Car5" time="0.015" classname="demo.GroupingDemo" />
                <testcase name="Car3" time="0.000" classname="demo.GroupingDemo" />
      
</testsuite>
